~/workspace/my-marginfi$ npx ts-node marginfiAiBot.ts "What's the net APY for mint So11111111111111111111111111111111111111112?"
/home/runner/workspace/node_modules/ts-node/src/index.ts:859
    return new TSError(diagnosticText, diagnosticCodes, diagnostics);
           ^
TSError: тип Unable to compile TypeScript:
marginfiAiTool.ts:106:32 - error TS2345: Argument of type 'import("/home/runner/workspace/my-marginfi/marginfiAiTool").OraclePrice' is not assignable to parameter of type 'import("/home/runner/workspace/my-marginfi/node_modules/@mrgnlabs/marginfi-client-v2/dist/models/price").OraclePrice'.
  Type 'number' is not assignable to type 'OraclePrice'.

106         return bank.computeTvl(op as OraclePrice).toNumber();
                                   ~~~~~~~~~~~~~~~~~
marginfiAiTool.ts:161:54 - error TS2345: Argument of type 'import("/home/runner/workspace/my-marginfi/marginfiAiTool").OraclePrice' is not assignable to parameter of type 'import("/home/runner/workspace/my-marginfi/node_modules/@mrgnlabs/marginfi-client-v2/dist/models/price").OraclePrice'.
  Type 'number' is not assignable to type 'OraclePrice'.

161     totalNumeric = totalNumeric.plus(bank.computeTvl(oraclePrice as OraclePrice));
                                                         ~~~~~~~~~~~~~~~~~~~~~~~~~~
marginfiAiTool.ts:201:30 - error TS2345: Argument of type 'import("/home/runner/workspace/my-marginfi/marginfiAiTool").OraclePrice' is not assignable to parameter of type 'import("/home/runner/workspace/my-marginfi/node_modules/@mrgnlabs/marginfi-client-v2/dist/models/price").OraclePrice'.
  Type 'number' is not assignable to type 'OraclePrice'.

201     tvlStr = bank.computeTvl(rawOracle as OraclePrice).toFixed(2);
                                 ~~~~~~~~~~~~~~~~~~~~~~~~

    at createTSError (/home/runner/workspace/node_modules/ts-node/src/index.ts:859:12)
    at reportTSError (/home/runner/workspace/node_modules/ts-node/src/index.ts:863:19)
    at getOutput (/home/runner/workspace/node_modules/ts-node/src/index.ts:1077:36)
    at Object.compile (/home/runner/workspace/node_modules/ts-node/src/index.ts:1433:41)
    at Module.m._compile (/home/runner/workspace/node_modules/ts-node/src/index.ts:1617:30)
    at Module._extensions..js (node:internal/modules/cjs/loader:1548:10)
    at Object.require.extensions.<computed> [as .ts] (/home/runner/workspace/node_modules/ts-node/src/index.ts:1621:12)
    at Module.load (node:internal/modules/cjs/loader:1288:32)
    at Function.Module._load (node:internal/modules/cjs/loader:1104:12)
    at Module.require (node:internal/modules/cjs/loader:1311:19) {
  diagnosticCodes: [ 2345, 2345, 2345 ]
}
~/workspace/my-marginfi$ 
